Arguments: 
  /usr/bin/node /usr/bin/yarn add jsonwebToken

PATH: 
  /usr/lib/jvm/java-11-openjdk-amd64/bin:/usr/lib/jvm/java-11-openjdk-amd64/bin:/home/puneet/anaconda3/bin:/home/puneet/anaconda3/condabin:/usr/local/sbin:/usr/local/bin:/usr/sbin:/usr/bin:/sbin:/bin:/usr/games:/usr/local/games:/snap/bin:/snap/bin

Yarn version: 
  1.22.19

Node version: 
  18.17.1

Platform: 
  linux x64

Trace: 
  Error: https://registry.yarnpkg.com/jsonwebToken: Not found
      at params.callback [as _callback] (/usr/lib/node_modules/yarn/lib/cli.js:66145:18)
      at self.callback (/usr/lib/node_modules/yarn/lib/cli.js:140890:22)
      at Request.emit (node:events:514:28)
      at Request.<anonymous> (/usr/lib/node_modules/yarn/lib/cli.js:141862:10)
      at Request.emit (node:events:514:28)
      at IncomingMessage.<anonymous> (/usr/lib/node_modules/yarn/lib/cli.js:141784:12)
      at Object.onceWrapper (node:events:628:28)
      at IncomingMessage.emit (node:events:526:35)
      at endReadableNT (node:internal/streams/readable:1359:12)
      at process.processTicksAndRejections (node:internal/process/task_queues:82:21)

npm manifest: 
  {
    "name": "twiiter-server",
    "version": "1.0.0",
    "main": "index.js",
    "license": "MIT",
    "scripts": {
      "start": "node build/index",
      "build": "tsc -p .",
      "dev": "tsc-watch --onSuccess \"npm start\""
    },
    "devDependencies": {
      "@types/jsonwebtoken": "^9.0.4",
      "prisma": "^4.16.2",
      "tsc-watch": "^6.0.4",
      "typescript": "^5.1.6"
    },
    "dependencies": {
      "@apollo/server": "^4.7.5",
      "@prisma/client": "4.16.2",
      "axios": "^1.5.1",
      "body-parser": "^1.20.2",
      "express": "^4.18.2",
      "graphql": "^16.7.1",
      "install": "^0.13.0",
      "jsonwebtoken": "^9.0.2"
    }
  }

yarn manifest: 
  No manifest

Lockfile: 
  
